[2016-07-28 09:59:29] grav.CRITICAL: Template "default.html.twig" is not defined. - Trace: #0 C:\xampp\htdocs\blog\system\src\Grav\Common\Service\OutputServiceProvider.php(19): Grav\Common\Twig\Twig->processSite(NULL) #1 C:\xampp\htdocs\blog\vendor\pimple\pimple\src\Pimple\Container.php(113): Grav\Common\Service\OutputServiceProvider->Grav\Common\Service\{closure}(Object(Grav\Common\Grav)) #2 C:\xampp\htdocs\blog\system\src\Grav\Common\Processors\RenderProcessor.php(17): Pimple\Container->offsetGet('output') #3 C:\xampp\htdocs\blog\system\src\Grav\Common\Grav.php(121): Grav\Common\Processors\RenderProcessor->process() #4 C:\xampp\htdocs\blog\system\src\Grav\Common\Grav.php(383): Grav\Common\Grav->Grav\Common\{closure}() #5 [internal function]: Grav\Common\Grav::Grav\Common\{closure}('render', 'Render', Object(Closure)) #6 C:\xampp\htdocs\blog\system\src\Grav\Common\Grav.php(359): call_user_func_array(Object(Closure), Array) #7 C:\xampp\htdocs\blog\system\src\Grav\Common\Grav.php(122): Grav\Common\Grav->__call('measureTime', Array) #8 C:\xampp\htdocs\blog\system\src\Grav\Common\Grav.php(122): Grav\Common\Grav->measureTime('render', 'Render', Object(Closure)) #9 C:\xampp\htdocs\blog\index.php(45): Grav\Common\Grav->process() #10 {main} [] []
[2016-07-28 09:59:43] grav.CRITICAL: Template "default.html.twig" is not defined. - Trace: #0 C:\xampp\htdocs\blog\system\src\Grav\Common\Service\OutputServiceProvider.php(19): Grav\Common\Twig\Twig->processSite(NULL) #1 C:\xampp\htdocs\blog\vendor\pimple\pimple\src\Pimple\Container.php(113): Grav\Common\Service\OutputServiceProvider->Grav\Common\Service\{closure}(Object(Grav\Common\Grav)) #2 C:\xampp\htdocs\blog\system\src\Grav\Common\Processors\RenderProcessor.php(17): Pimple\Container->offsetGet('output') #3 C:\xampp\htdocs\blog\system\src\Grav\Common\Grav.php(121): Grav\Common\Processors\RenderProcessor->process() #4 C:\xampp\htdocs\blog\system\src\Grav\Common\Grav.php(383): Grav\Common\Grav->Grav\Common\{closure}() #5 [internal function]: Grav\Common\Grav::Grav\Common\{closure}('render', 'Render', Object(Closure)) #6 C:\xampp\htdocs\blog\system\src\Grav\Common\Grav.php(359): call_user_func_array(Object(Closure), Array) #7 C:\xampp\htdocs\blog\system\src\Grav\Common\Grav.php(122): Grav\Common\Grav->__call('measureTime', Array) #8 C:\xampp\htdocs\blog\system\src\Grav\Common\Grav.php(122): Grav\Common\Grav->measureTime('render', 'Render', Object(Closure)) #9 C:\xampp\htdocs\blog\index.php(45): Grav\Common\Grav->process() #10 {main} [] []
[2016-07-28 09:59:52] grav.CRITICAL: Template "default.html.twig" is not defined. - Trace: #0 C:\xampp\htdocs\blog\system\src\Grav\Common\Service\OutputServiceProvider.php(19): Grav\Common\Twig\Twig->processSite(NULL) #1 C:\xampp\htdocs\blog\vendor\pimple\pimple\src\Pimple\Container.php(113): Grav\Common\Service\OutputServiceProvider->Grav\Common\Service\{closure}(Object(Grav\Common\Grav)) #2 C:\xampp\htdocs\blog\system\src\Grav\Common\Processors\RenderProcessor.php(17): Pimple\Container->offsetGet('output') #3 C:\xampp\htdocs\blog\system\src\Grav\Common\Grav.php(121): Grav\Common\Processors\RenderProcessor->process() #4 C:\xampp\htdocs\blog\system\src\Grav\Common\Grav.php(383): Grav\Common\Grav->Grav\Common\{closure}() #5 [internal function]: Grav\Common\Grav::Grav\Common\{closure}('render', 'Render', Object(Closure)) #6 C:\xampp\htdocs\blog\system\src\Grav\Common\Grav.php(359): call_user_func_array(Object(Closure), Array) #7 C:\xampp\htdocs\blog\system\src\Grav\Common\Grav.php(122): Grav\Common\Grav->__call('measureTime', Array) #8 C:\xampp\htdocs\blog\system\src\Grav\Common\Grav.php(122): Grav\Common\Grav->measureTime('render', 'Render', Object(Closure)) #9 C:\xampp\htdocs\blog\index.php(45): Grav\Common\Grav->process() #10 {main} [] []
[2016-07-28 10:00:19] grav.CRITICAL: Template "default.html.twig" is not defined. - Trace: #0 C:\xampp\htdocs\blog\system\src\Grav\Common\Service\OutputServiceProvider.php(19): Grav\Common\Twig\Twig->processSite(NULL) #1 C:\xampp\htdocs\blog\vendor\pimple\pimple\src\Pimple\Container.php(113): Grav\Common\Service\OutputServiceProvider->Grav\Common\Service\{closure}(Object(Grav\Common\Grav)) #2 C:\xampp\htdocs\blog\system\src\Grav\Common\Processors\RenderProcessor.php(17): Pimple\Container->offsetGet('output') #3 C:\xampp\htdocs\blog\system\src\Grav\Common\Grav.php(121): Grav\Common\Processors\RenderProcessor->process() #4 C:\xampp\htdocs\blog\system\src\Grav\Common\Grav.php(383): Grav\Common\Grav->Grav\Common\{closure}() #5 [internal function]: Grav\Common\Grav::Grav\Common\{closure}('render', 'Render', Object(Closure)) #6 C:\xampp\htdocs\blog\system\src\Grav\Common\Grav.php(359): call_user_func_array(Object(Closure), Array) #7 C:\xampp\htdocs\blog\system\src\Grav\Common\Grav.php(122): Grav\Common\Grav->__call('measureTime', Array) #8 C:\xampp\htdocs\blog\system\src\Grav\Common\Grav.php(122): Grav\Common\Grav->measureTime('render', 'Render', Object(Closure)) #9 C:\xampp\htdocs\blog\index.php(45): Grav\Common\Grav->process() #10 {main} [] []
[2016-07-28 10:52:30] grav.CRITICAL: Template "blog.html.twig" is not defined. - Trace: #0 C:\xampp\htdocs\blog\system\src\Grav\Common\Service\OutputServiceProvider.php(19): Grav\Common\Twig\Twig->processSite(NULL) #1 C:\xampp\htdocs\blog\vendor\pimple\pimple\src\Pimple\Container.php(113): Grav\Common\Service\OutputServiceProvider->Grav\Common\Service\{closure}(Object(Grav\Common\Grav)) #2 C:\xampp\htdocs\blog\system\src\Grav\Common\Processors\RenderProcessor.php(17): Pimple\Container->offsetGet('output') #3 C:\xampp\htdocs\blog\system\src\Grav\Common\Grav.php(121): Grav\Common\Processors\RenderProcessor->process() #4 C:\xampp\htdocs\blog\system\src\Grav\Common\Grav.php(383): Grav\Common\Grav->Grav\Common\{closure}() #5 [internal function]: Grav\Common\Grav::Grav\Common\{closure}('render', 'Render', Object(Closure)) #6 C:\xampp\htdocs\blog\system\src\Grav\Common\Grav.php(359): call_user_func_array(Object(Closure), Array) #7 C:\xampp\htdocs\blog\system\src\Grav\Common\Grav.php(122): Grav\Common\Grav->__call('measureTime', Array) #8 C:\xampp\htdocs\blog\system\src\Grav\Common\Grav.php(122): Grav\Common\Grav->measureTime('render', 'Render', Object(Closure)) #9 C:\xampp\htdocs\blog\index.php(45): Grav\Common\Grav->process() #10 {main} [] []
[2016-07-28 10:52:52] grav.CRITICAL: Template "blog.html.twig" is not defined. - Trace: #0 C:\xampp\htdocs\blog\system\src\Grav\Common\Service\OutputServiceProvider.php(19): Grav\Common\Twig\Twig->processSite(NULL) #1 C:\xampp\htdocs\blog\vendor\pimple\pimple\src\Pimple\Container.php(113): Grav\Common\Service\OutputServiceProvider->Grav\Common\Service\{closure}(Object(Grav\Common\Grav)) #2 C:\xampp\htdocs\blog\system\src\Grav\Common\Processors\RenderProcessor.php(17): Pimple\Container->offsetGet('output') #3 C:\xampp\htdocs\blog\system\src\Grav\Common\Grav.php(121): Grav\Common\Processors\RenderProcessor->process() #4 C:\xampp\htdocs\blog\system\src\Grav\Common\Grav.php(383): Grav\Common\Grav->Grav\Common\{closure}() #5 [internal function]: Grav\Common\Grav::Grav\Common\{closure}('render', 'Render', Object(Closure)) #6 C:\xampp\htdocs\blog\system\src\Grav\Common\Grav.php(359): call_user_func_array(Object(Closure), Array) #7 C:\xampp\htdocs\blog\system\src\Grav\Common\Grav.php(122): Grav\Common\Grav->__call('measureTime', Array) #8 C:\xampp\htdocs\blog\system\src\Grav\Common\Grav.php(122): Grav\Common\Grav->measureTime('render', 'Render', Object(Closure)) #9 C:\xampp\htdocs\blog\index.php(45): Grav\Common\Grav->process() #10 {main} [] []
[2016-07-28 11:02:08] grav.WARNING: Plugin 'pages-json' enabled but not found! Try clearing cache with `bin/grav clear-cache` [] []
[2016-07-28 11:02:12] grav.WARNING: Plugin 'pages-json' enabled but not found! Try clearing cache with `bin/grav clear-cache` [] []
[2016-07-28 11:02:18] grav.WARNING: Plugin 'pages-json' enabled but not found! Try clearing cache with `bin/grav clear-cache` [] []
[2016-07-28 11:02:22] grav.WARNING: Plugin 'pages-json' enabled but not found! Try clearing cache with `bin/grav clear-cache` [] []
[2016-07-28 11:02:27] grav.WARNING: Plugin 'pages-json' enabled but not found! Try clearing cache with `bin/grav clear-cache` [] []
[2016-07-28 11:02:30] grav.WARNING: Plugin 'pages-json' enabled but not found! Try clearing cache with `bin/grav clear-cache` [] []
[2016-07-28 11:02:49] grav.WARNING: Plugin 'pages-json' enabled but not found! Try clearing cache with `bin/grav clear-cache` [] []
[2016-07-28 11:02:51] grav.WARNING: Plugin 'pages-json' enabled but not found! Try clearing cache with `bin/grav clear-cache` [] []
[2016-07-28 11:03:12] grav.WARNING: Plugin 'pages-json' enabled but not found! Try clearing cache with `bin/grav clear-cache` [] []
[2016-07-28 11:03:15] grav.WARNING: Plugin 'pages-json' enabled but not found! Try clearing cache with `bin/grav clear-cache` [] []
[2016-07-28 11:03:22] grav.WARNING: Plugin 'pages-json' enabled but not found! Try clearing cache with `bin/grav clear-cache` [] []
[2016-07-28 11:03:28] grav.WARNING: Plugin 'pages-json' enabled but not found! Try clearing cache with `bin/grav clear-cache` [] []
[2016-07-28 11:03:30] grav.WARNING: Plugin 'pages-json' enabled but not found! Try clearing cache with `bin/grav clear-cache` [] []
[2016-07-28 11:03:34] grav.WARNING: Plugin 'pages-json' enabled but not found! Try clearing cache with `bin/grav clear-cache` [] []
[2016-07-28 11:03:37] grav.WARNING: Plugin 'pages-json' enabled but not found! Try clearing cache with `bin/grav clear-cache` [] []
[2016-07-28 11:03:50] grav.WARNING: Plugin 'pages-json' enabled but not found! Try clearing cache with `bin/grav clear-cache` [] []
[2016-07-28 11:03:54] grav.WARNING: Plugin 'pages-json' enabled but not found! Try clearing cache with `bin/grav clear-cache` [] []
[2016-07-28 11:04:37] grav.WARNING: Plugin 'pages-json' enabled but not found! Try clearing cache with `bin/grav clear-cache` [] []
[2016-07-28 11:04:41] grav.WARNING: Plugin 'pages-json' enabled but not found! Try clearing cache with `bin/grav clear-cache` [] []
[2016-07-28 11:04:47] grav.WARNING: Plugin 'pages-json' enabled but not found! Try clearing cache with `bin/grav clear-cache` [] []
[2016-07-28 11:04:51] grav.WARNING: Plugin 'pages-json' enabled but not found! Try clearing cache with `bin/grav clear-cache` [] []
[2016-07-28 11:04:55] grav.WARNING: Plugin 'pages-json' enabled but not found! Try clearing cache with `bin/grav clear-cache` [] []
[2016-07-28 11:05:00] grav.WARNING: Plugin 'pages-json' enabled but not found! Try clearing cache with `bin/grav clear-cache` [] []
[2016-07-28 11:05:01] grav.WARNING: Plugin 'pages-json' enabled but not found! Try clearing cache with `bin/grav clear-cache` [] []
[2016-07-28 11:05:04] grav.WARNING: Plugin 'pages-json' enabled but not found! Try clearing cache with `bin/grav clear-cache` [] []
[2016-07-28 11:05:10] grav.WARNING: Plugin 'pages-json' enabled but not found! Try clearing cache with `bin/grav clear-cache` [] []
[2016-07-28 11:05:12] grav.WARNING: Plugin 'pages-json' enabled but not found! Try clearing cache with `bin/grav clear-cache` [] []
[2016-07-28 11:05:17] grav.WARNING: Plugin 'pages-json' enabled but not found! Try clearing cache with `bin/grav clear-cache` [] []
[2016-07-28 11:05:19] grav.WARNING: Plugin 'pages-json' enabled but not found! Try clearing cache with `bin/grav clear-cache` [] []
[2016-07-28 11:05:39] grav.WARNING: Plugin 'pages-json' enabled but not found! Try clearing cache with `bin/grav clear-cache` [] []
[2016-07-28 11:05:43] grav.WARNING: Plugin 'pages-json' enabled but not found! Try clearing cache with `bin/grav clear-cache` [] []
[2016-07-28 11:06:24] grav.WARNING: Plugin 'pages-json' enabled but not found! Try clearing cache with `bin/grav clear-cache` [] []
[2016-07-28 11:06:27] grav.WARNING: Plugin 'pages-json' enabled but not found! Try clearing cache with `bin/grav clear-cache` [] []
[2016-07-28 11:11:08] grav.WARNING: Plugin 'pages-json' enabled but not found! Try clearing cache with `bin/grav clear-cache` [] []
[2016-07-28 11:11:12] grav.WARNING: Plugin 'pages-json' enabled but not found! Try clearing cache with `bin/grav clear-cache` [] []
[2016-07-28 11:23:59] grav.WARNING: Plugin 'pages-json' enabled but not found! Try clearing cache with `bin/grav clear-cache` [] []
[2016-07-28 11:24:01] grav.WARNING: Plugin 'pages-json' enabled but not found! Try clearing cache with `bin/grav clear-cache` [] []
[2016-07-28 11:24:07] grav.WARNING: Plugin 'pages-json' enabled but not found! Try clearing cache with `bin/grav clear-cache` [] []
[2016-07-28 11:24:13] grav.WARNING: Plugin 'pages-json' enabled but not found! Try clearing cache with `bin/grav clear-cache` [] []
[2016-07-28 11:24:15] grav.WARNING: Plugin 'pages-json' enabled but not found! Try clearing cache with `bin/grav clear-cache` [] []
[2016-07-28 11:24:18] grav.WARNING: Plugin 'pages-json' enabled but not found! Try clearing cache with `bin/grav clear-cache` [] []
[2016-07-28 11:24:24] grav.WARNING: Plugin 'pages-json' enabled but not found! Try clearing cache with `bin/grav clear-cache` [] []
[2016-07-28 11:24:24] grav.WARNING: Plugin 'pages-json' enabled but not found! Try clearing cache with `bin/grav clear-cache` [] []
[2016-07-28 11:24:29] grav.WARNING: Plugin 'pages-json' enabled but not found! Try clearing cache with `bin/grav clear-cache` [] []
[2016-07-28 17:48:57] grav.WARNING: Plugin 'pages-json' enabled but not found! Try clearing cache with `bin/grav clear-cache` [] []
[2016-07-28 17:49:09] grav.CRITICAL: Maximum execution time of 30 seconds exceeded - Trace: #0 C:\xampp\htdocs\blog\vendor\filp\whoops\src\Whoops\Run.php(363): Whoops\Run->handleError(1, 'Maximum executi...', 'C:\\xampp\\htdocs...', 28) #1 [internal function]: Whoops\Run->handleShutdown() #2 {main} [] []
[2016-07-28 17:50:20] grav.WARNING: Plugin 'pages-json' enabled but not found! Try clearing cache with `bin/grav clear-cache` [] []
[2016-07-28 17:50:30] grav.WARNING: Plugin 'pages-json' enabled but not found! Try clearing cache with `bin/grav clear-cache` [] []
[2016-07-28 17:50:35] grav.WARNING: Plugin 'pages-json' enabled but not found! Try clearing cache with `bin/grav clear-cache` [] []
[2016-07-28 17:50:38] grav.WARNING: Plugin 'pages-json' enabled but not found! Try clearing cache with `bin/grav clear-cache` [] []
[2016-07-28 17:50:42] grav.WARNING: Plugin 'pages-json' enabled but not found! Try clearing cache with `bin/grav clear-cache` [] []
[2016-07-28 17:50:43] grav.WARNING: Plugin 'pages-json' enabled but not found! Try clearing cache with `bin/grav clear-cache` [] []
[2016-07-28 18:10:51] grav.WARNING: Plugin 'pages-json' enabled but not found! Try clearing cache with `bin/grav clear-cache` [] []
[2016-07-28 18:10:53] grav.WARNING: Plugin 'pages-json' enabled but not found! Try clearing cache with `bin/grav clear-cache` [] []
[2016-07-28 18:10:56] grav.WARNING: Plugin 'pages-json' enabled but not found! Try clearing cache with `bin/grav clear-cache` [] []
[2016-07-28 18:13:24] grav.WARNING: Plugin 'pages-json' enabled but not found! Try clearing cache with `bin/grav clear-cache` [] []
[2016-07-28 18:13:25] grav.WARNING: Plugin 'pages-json' enabled but not found! Try clearing cache with `bin/grav clear-cache` [] []
[2016-07-28 18:13:32] grav.WARNING: Plugin 'pages-json' enabled but not found! Try clearing cache with `bin/grav clear-cache` [] []
[2016-07-28 18:13:37] grav.WARNING: Plugin 'pages-json' enabled but not found! Try clearing cache with `bin/grav clear-cache` [] []
[2016-07-28 18:13:40] grav.WARNING: Plugin 'pages-json' enabled but not found! Try clearing cache with `bin/grav clear-cache` [] []
[2016-07-28 18:14:22] grav.WARNING: Plugin 'pages-json' enabled but not found! Try clearing cache with `bin/grav clear-cache` [] []
[2016-07-28 18:14:26] grav.WARNING: Plugin 'pages-json' enabled but not found! Try clearing cache with `bin/grav clear-cache` [] []
[2016-07-28 18:14:28] grav.WARNING: Plugin 'pages-json' enabled but not found! Try clearing cache with `bin/grav clear-cache` [] []
[2016-07-28 18:14:31] grav.WARNING: Plugin 'pages-json' enabled but not found! Try clearing cache with `bin/grav clear-cache` [] []
[2016-07-28 18:15:19] grav.WARNING: Plugin 'pages-json' enabled but not found! Try clearing cache with `bin/grav clear-cache` [] []
[2016-07-28 18:15:22] grav.WARNING: Plugin 'pages-json' enabled but not found! Try clearing cache with `bin/grav clear-cache` [] []
[2016-07-28 18:15:34] grav.WARNING: Plugin 'pages-json' enabled but not found! Try clearing cache with `bin/grav clear-cache` [] []
[2016-07-28 18:17:01] grav.WARNING: Plugin 'pages-json' enabled but not found! Try clearing cache with `bin/grav clear-cache` [] []
[2016-07-28 18:17:06] grav.WARNING: Plugin 'pages-json' enabled but not found! Try clearing cache with `bin/grav clear-cache` [] []
[2016-07-28 18:17:08] grav.WARNING: Plugin 'pages-json' enabled but not found! Try clearing cache with `bin/grav clear-cache` [] []
[2016-07-28 18:17:10] grav.WARNING: Plugin 'pages-json' enabled but not found! Try clearing cache with `bin/grav clear-cache` [] []
[2016-07-28 18:17:12] grav.WARNING: Plugin 'pages-json' enabled but not found! Try clearing cache with `bin/grav clear-cache` [] []
[2016-07-28 18:17:24] grav.WARNING: Plugin 'pages-json' enabled but not found! Try clearing cache with `bin/grav clear-cache` [] []
[2016-07-28 18:19:02] grav.WARNING: Plugin 'pages-json' enabled but not found! Try clearing cache with `bin/grav clear-cache` [] []
[2016-07-28 18:19:05] grav.WARNING: Plugin 'pages-json' enabled but not found! Try clearing cache with `bin/grav clear-cache` [] []
[2016-07-28 18:19:09] grav.WARNING: Plugin 'pages-json' enabled but not found! Try clearing cache with `bin/grav clear-cache` [] []
[2016-07-28 18:19:13] grav.WARNING: Plugin 'pages-json' enabled but not found! Try clearing cache with `bin/grav clear-cache` [] []
[2016-07-28 18:19:19] grav.WARNING: Plugin 'pages-json' enabled but not found! Try clearing cache with `bin/grav clear-cache` [] []
[2016-07-28 18:19:22] grav.WARNING: Plugin 'pages-json' enabled but not found! Try clearing cache with `bin/grav clear-cache` [] []
[2016-07-28 18:19:51] grav.WARNING: Plugin 'pages-json' enabled but not found! Try clearing cache with `bin/grav clear-cache` [] []
[2016-07-28 18:19:55] grav.WARNING: Plugin 'pages-json' enabled but not found! Try clearing cache with `bin/grav clear-cache` [] []
[2016-07-28 18:19:57] grav.WARNING: Plugin 'pages-json' enabled but not found! Try clearing cache with `bin/grav clear-cache` [] []
[2016-07-28 18:20:00] grav.WARNING: Plugin 'pages-json' enabled but not found! Try clearing cache with `bin/grav clear-cache` [] []
[2016-07-28 18:20:07] grav.WARNING: Plugin 'pages-json' enabled but not found! Try clearing cache with `bin/grav clear-cache` [] []
[2016-07-28 18:20:51] grav.WARNING: Plugin 'pages-json' enabled but not found! Try clearing cache with `bin/grav clear-cache` [] []
[2016-07-28 18:20:57] grav.WARNING: Plugin 'pages-json' enabled but not found! Try clearing cache with `bin/grav clear-cache` [] []
[2016-07-28 18:21:48] grav.WARNING: Plugin 'pages-json' enabled but not found! Try clearing cache with `bin/grav clear-cache` [] []
[2016-07-28 18:21:52] grav.WARNING: Plugin 'pages-json' enabled but not found! Try clearing cache with `bin/grav clear-cache` [] []
[2016-07-28 18:22:02] grav.WARNING: Plugin 'pages-json' enabled but not found! Try clearing cache with `bin/grav clear-cache` [] []
[2016-07-28 18:22:06] grav.WARNING: Plugin 'pages-json' enabled but not found! Try clearing cache with `bin/grav clear-cache` [] []
[2016-07-28 18:22:16] grav.WARNING: Plugin 'pages-json' enabled but not found! Try clearing cache with `bin/grav clear-cache` [] []
[2016-07-28 18:22:17] grav.WARNING: Plugin 'pages-json' enabled but not found! Try clearing cache with `bin/grav clear-cache` [] []
[2016-07-28 18:22:20] grav.WARNING: Plugin 'pages-json' enabled but not found! Try clearing cache with `bin/grav clear-cache` [] []
[2016-07-28 18:22:21] grav.WARNING: Plugin 'pages-json' enabled but not found! Try clearing cache with `bin/grav clear-cache` [] []
[2016-07-28 18:22:22] grav.WARNING: Plugin 'pages-json' enabled but not found! Try clearing cache with `bin/grav clear-cache` [] []
[2016-07-28 18:22:23] grav.WARNING: Plugin 'pages-json' enabled but not found! Try clearing cache with `bin/grav clear-cache` [] []
[2016-07-28 18:22:25] grav.WARNING: Plugin 'pages-json' enabled but not found! Try clearing cache with `bin/grav clear-cache` [] []
[2016-07-28 18:22:26] grav.WARNING: Plugin 'pages-json' enabled but not found! Try clearing cache with `bin/grav clear-cache` [] []
[2016-07-28 18:22:27] grav.WARNING: Plugin 'pages-json' enabled but not found! Try clearing cache with `bin/grav clear-cache` [] []
[2016-07-28 18:22:28] grav.WARNING: Plugin 'pages-json' enabled but not found! Try clearing cache with `bin/grav clear-cache` [] []
[2016-07-28 18:22:30] grav.WARNING: Plugin 'pages-json' enabled but not found! Try clearing cache with `bin/grav clear-cache` [] []
[2016-07-28 18:22:56] grav.WARNING: Plugin 'pages-json' enabled but not found! Try clearing cache with `bin/grav clear-cache` [] []
[2016-07-28 18:22:59] grav.WARNING: Plugin 'pages-json' enabled but not found! Try clearing cache with `bin/grav clear-cache` [] []
[2016-07-28 18:23:02] grav.WARNING: Plugin 'pages-json' enabled but not found! Try clearing cache with `bin/grav clear-cache` [] []
[2016-07-28 18:24:59] grav.WARNING: Plugin 'pages-json' enabled but not found! Try clearing cache with `bin/grav clear-cache` [] []
[2016-07-28 18:25:04] grav.WARNING: Plugin 'pages-json' enabled but not found! Try clearing cache with `bin/grav clear-cache` [] []
[2016-07-28 18:25:06] grav.WARNING: Plugin 'pages-json' enabled but not found! Try clearing cache with `bin/grav clear-cache` [] []
[2016-07-28 18:25:16] grav.WARNING: Plugin 'pages-json' enabled but not found! Try clearing cache with `bin/grav clear-cache` [] []
[2016-07-28 18:25:19] grav.WARNING: Plugin 'pages-json' enabled but not found! Try clearing cache with `bin/grav clear-cache` [] []
[2016-07-28 18:25:24] grav.WARNING: Plugin 'pages-json' enabled but not found! Try clearing cache with `bin/grav clear-cache` [] []
[2016-07-28 18:25:26] grav.WARNING: Plugin 'pages-json' enabled but not found! Try clearing cache with `bin/grav clear-cache` [] []
[2016-07-28 18:25:32] grav.WARNING: Plugin 'pages-json' enabled but not found! Try clearing cache with `bin/grav clear-cache` [] []
[2016-07-28 18:25:36] grav.WARNING: Plugin 'pages-json' enabled but not found! Try clearing cache with `bin/grav clear-cache` [] []
[2016-07-28 18:27:27] grav.WARNING: Plugin 'pages-json' enabled but not found! Try clearing cache with `bin/grav clear-cache` [] []
[2016-07-28 18:27:31] grav.WARNING: Plugin 'pages-json' enabled but not found! Try clearing cache with `bin/grav clear-cache` [] []
[2016-07-28 18:27:32] grav.WARNING: Plugin 'pages-json' enabled but not found! Try clearing cache with `bin/grav clear-cache` [] []
[2016-07-28 18:28:01] grav.WARNING: Plugin 'pages-json' enabled but not found! Try clearing cache with `bin/grav clear-cache` [] []
[2016-07-28 18:28:02] grav.WARNING: Plugin 'pages-json' enabled but not found! Try clearing cache with `bin/grav clear-cache` [] []
[2016-07-28 18:28:04] grav.WARNING: Plugin 'pages-json' enabled but not found! Try clearing cache with `bin/grav clear-cache` [] []
[2016-07-28 18:28:05] grav.WARNING: Plugin 'pages-json' enabled but not found! Try clearing cache with `bin/grav clear-cache` [] []
[2016-07-28 18:28:06] grav.WARNING: Plugin 'pages-json' enabled but not found! Try clearing cache with `bin/grav clear-cache` [] []
[2016-07-28 18:28:07] grav.WARNING: Plugin 'pages-json' enabled but not found! Try clearing cache with `bin/grav clear-cache` [] []
[2016-07-28 18:28:44] grav.WARNING: Plugin 'pages-json' enabled but not found! Try clearing cache with `bin/grav clear-cache` [] []
[2016-07-28 18:28:45] grav.WARNING: Plugin 'pages-json' enabled but not found! Try clearing cache with `bin/grav clear-cache` [] []
[2016-07-28 18:28:46] grav.WARNING: Plugin 'pages-json' enabled but not found! Try clearing cache with `bin/grav clear-cache` [] []
[2016-07-28 18:28:47] grav.WARNING: Plugin 'pages-json' enabled but not found! Try clearing cache with `bin/grav clear-cache` [] []
[2016-07-28 18:28:48] grav.WARNING: Plugin 'pages-json' enabled but not found! Try clearing cache with `bin/grav clear-cache` [] []
[2016-07-28 18:28:49] grav.WARNING: Plugin 'pages-json' enabled but not found! Try clearing cache with `bin/grav clear-cache` [] []
[2016-07-28 18:29:21] grav.WARNING: Plugin 'pages-json' enabled but not found! Try clearing cache with `bin/grav clear-cache` [] []
[2016-07-28 18:29:23] grav.WARNING: Plugin 'pages-json' enabled but not found! Try clearing cache with `bin/grav clear-cache` [] []
[2016-07-28 18:29:46] grav.WARNING: Plugin 'pages-json' enabled but not found! Try clearing cache with `bin/grav clear-cache` [] []
[2016-07-28 18:29:49] grav.WARNING: Plugin 'pages-json' enabled but not found! Try clearing cache with `bin/grav clear-cache` [] []
[2016-07-28 18:29:49] grav.WARNING: Plugin 'pages-json' enabled but not found! Try clearing cache with `bin/grav clear-cache` [] []
[2016-07-28 18:30:18] grav.WARNING: Plugin 'pages-json' enabled but not found! Try clearing cache with `bin/grav clear-cache` [] []
[2016-07-28 18:30:19] grav.WARNING: Plugin 'pages-json' enabled but not found! Try clearing cache with `bin/grav clear-cache` [] []
[2016-07-28 18:30:21] grav.WARNING: Plugin 'pages-json' enabled but not found! Try clearing cache with `bin/grav clear-cache` [] []
[2016-07-28 18:30:22] grav.WARNING: Plugin 'pages-json' enabled but not found! Try clearing cache with `bin/grav clear-cache` [] []
[2016-07-28 18:30:23] grav.WARNING: Plugin 'pages-json' enabled but not found! Try clearing cache with `bin/grav clear-cache` [] []
[2016-07-28 18:30:24] grav.WARNING: Plugin 'pages-json' enabled but not found! Try clearing cache with `bin/grav clear-cache` [] []
[2016-07-28 18:31:05] grav.WARNING: Plugin 'pages-json' enabled but not found! Try clearing cache with `bin/grav clear-cache` [] []
[2016-07-28 18:31:08] grav.WARNING: Plugin 'pages-json' enabled but not found! Try clearing cache with `bin/grav clear-cache` [] []
[2016-07-28 18:31:20] grav.WARNING: Plugin 'pages-json' enabled but not found! Try clearing cache with `bin/grav clear-cache` [] []
[2016-07-28 18:31:21] grav.WARNING: Plugin 'pages-json' enabled but not found! Try clearing cache with `bin/grav clear-cache` [] []
[2016-07-28 18:31:24] grav.WARNING: Plugin 'pages-json' enabled but not found! Try clearing cache with `bin/grav clear-cache` [] []
[2016-07-28 18:31:38] grav.WARNING: Plugin 'pages-json' enabled but not found! Try clearing cache with `bin/grav clear-cache` [] []
[2016-07-28 18:31:39] grav.WARNING: Plugin 'pages-json' enabled but not found! Try clearing cache with `bin/grav clear-cache` [] []
[2016-07-28 18:31:41] grav.WARNING: Plugin 'pages-json' enabled but not found! Try clearing cache with `bin/grav clear-cache` [] []
[2016-07-28 18:31:42] grav.WARNING: Plugin 'pages-json' enabled but not found! Try clearing cache with `bin/grav clear-cache` [] []
[2016-07-28 18:31:43] grav.WARNING: Plugin 'pages-json' enabled but not found! Try clearing cache with `bin/grav clear-cache` [] []
[2016-07-28 18:31:45] grav.WARNING: Plugin 'pages-json' enabled but not found! Try clearing cache with `bin/grav clear-cache` [] []
[2016-07-28 18:32:47] grav.WARNING: Plugin 'pages-json' enabled but not found! Try clearing cache with `bin/grav clear-cache` [] []
[2016-07-28 18:32:50] grav.WARNING: Plugin 'pages-json' enabled but not found! Try clearing cache with `bin/grav clear-cache` [] []
[2016-07-28 18:33:09] grav.WARNING: Plugin 'pages-json' enabled but not found! Try clearing cache with `bin/grav clear-cache` [] []
[2016-07-28 18:33:10] grav.WARNING: Plugin 'pages-json' enabled but not found! Try clearing cache with `bin/grav clear-cache` [] []
[2016-07-28 18:33:12] grav.WARNING: Plugin 'pages-json' enabled but not found! Try clearing cache with `bin/grav clear-cache` [] []
[2016-07-28 18:33:37] grav.WARNING: Plugin 'pages-json' enabled but not found! Try clearing cache with `bin/grav clear-cache` [] []
[2016-07-28 18:33:38] grav.WARNING: Plugin 'pages-json' enabled but not found! Try clearing cache with `bin/grav clear-cache` [] []
[2016-07-28 18:33:39] grav.WARNING: Plugin 'pages-json' enabled but not found! Try clearing cache with `bin/grav clear-cache` [] []
[2016-07-28 18:33:41] grav.WARNING: Plugin 'pages-json' enabled but not found! Try clearing cache with `bin/grav clear-cache` [] []
[2016-07-28 18:33:41] grav.WARNING: Plugin 'pages-json' enabled but not found! Try clearing cache with `bin/grav clear-cache` [] []
[2016-07-28 18:33:42] grav.WARNING: Plugin 'pages-json' enabled but not found! Try clearing cache with `bin/grav clear-cache` [] []
[2016-07-28 18:33:45] grav.WARNING: Plugin 'pages-json' enabled but not found! Try clearing cache with `bin/grav clear-cache` [] []
[2016-07-28 18:33:46] grav.WARNING: Plugin 'pages-json' enabled but not found! Try clearing cache with `bin/grav clear-cache` [] []
[2016-07-28 18:34:37] grav.WARNING: Plugin 'pages-json' enabled but not found! Try clearing cache with `bin/grav clear-cache` [] []
[2016-07-28 18:34:38] grav.WARNING: Plugin 'pages-json' enabled but not found! Try clearing cache with `bin/grav clear-cache` [] []
[2016-07-28 18:34:57] grav.WARNING: Plugin 'pages-json' enabled but not found! Try clearing cache with `bin/grav clear-cache` [] []
[2016-07-28 18:34:59] grav.WARNING: Plugin 'pages-json' enabled but not found! Try clearing cache with `bin/grav clear-cache` [] []
[2016-07-28 18:39:11] grav.WARNING: Plugin 'pages-json' enabled but not found! Try clearing cache with `bin/grav clear-cache` [] []
[2016-07-28 18:39:12] grav.WARNING: Plugin 'pages-json' enabled but not found! Try clearing cache with `bin/grav clear-cache` [] []
[2016-07-28 18:44:14] grav.WARNING: Plugin 'pages-json' enabled but not found! Try clearing cache with `bin/grav clear-cache` [] []
[2016-07-28 18:44:15] grav.WARNING: Plugin 'pages-json' enabled but not found! Try clearing cache with `bin/grav clear-cache` [] []
[2016-07-28 18:44:34] grav.WARNING: Plugin 'pages-json' enabled but not found! Try clearing cache with `bin/grav clear-cache` [] []
[2016-07-28 18:44:35] grav.WARNING: Plugin 'pages-json' enabled but not found! Try clearing cache with `bin/grav clear-cache` [] []
[2016-07-28 18:44:36] grav.WARNING: Plugin 'pages-json' enabled but not found! Try clearing cache with `bin/grav clear-cache` [] []
[2016-07-28 18:44:37] grav.WARNING: Plugin 'pages-json' enabled but not found! Try clearing cache with `bin/grav clear-cache` [] []
[2016-07-28 18:44:38] grav.WARNING: Plugin 'pages-json' enabled but not found! Try clearing cache with `bin/grav clear-cache` [] []
[2016-07-28 18:44:40] grav.WARNING: Plugin 'pages-json' enabled but not found! Try clearing cache with `bin/grav clear-cache` [] []
[2016-07-28 18:44:43] grav.WARNING: Plugin 'pages-json' enabled but not found! Try clearing cache with `bin/grav clear-cache` [] []
[2016-07-28 18:44:44] grav.WARNING: Plugin 'pages-json' enabled but not found! Try clearing cache with `bin/grav clear-cache` [] []
[2016-07-28 18:44:46] grav.WARNING: Plugin 'pages-json' enabled but not found! Try clearing cache with `bin/grav clear-cache` [] []
[2016-07-28 18:44:47] grav.WARNING: Plugin 'pages-json' enabled but not found! Try clearing cache with `bin/grav clear-cache` [] []
[2016-07-28 18:45:00] grav.WARNING: Plugin 'pages-json' enabled but not found! Try clearing cache with `bin/grav clear-cache` [] []
[2016-07-28 18:45:03] grav.WARNING: Plugin 'pages-json' enabled but not found! Try clearing cache with `bin/grav clear-cache` [] []
[2016-07-28 18:45:03] grav.WARNING: Plugin 'pages-json' enabled but not found! Try clearing cache with `bin/grav clear-cache` [] []
[2016-07-28 18:45:04] grav.WARNING: Plugin 'pages-json' enabled but not found! Try clearing cache with `bin/grav clear-cache` [] []
[2016-07-28 18:45:06] grav.WARNING: Plugin 'pages-json' enabled but not found! Try clearing cache with `bin/grav clear-cache` [] []
[2016-07-28 18:45:07] grav.WARNING: Plugin 'pages-json' enabled but not found! Try clearing cache with `bin/grav clear-cache` [] []
[2016-07-28 18:45:18] grav.WARNING: Plugin 'pages-json' enabled but not found! Try clearing cache with `bin/grav clear-cache` [] []
[2016-07-28 18:45:20] grav.WARNING: Plugin 'pages-json' enabled but not found! Try clearing cache with `bin/grav clear-cache` [] []
[2016-07-28 18:45:21] grav.WARNING: Plugin 'pages-json' enabled but not found! Try clearing cache with `bin/grav clear-cache` [] []
[2016-07-28 18:45:23] grav.WARNING: Plugin 'pages-json' enabled but not found! Try clearing cache with `bin/grav clear-cache` [] []
[2016-07-28 18:45:24] grav.WARNING: Plugin 'pages-json' enabled but not found! Try clearing cache with `bin/grav clear-cache` [] []
[2016-07-28 18:45:27] grav.WARNING: Plugin 'pages-json' enabled but not found! Try clearing cache with `bin/grav clear-cache` [] []
[2016-07-28 18:45:27] grav.WARNING: Plugin 'pages-json' enabled but not found! Try clearing cache with `bin/grav clear-cache` [] []
[2016-07-28 18:46:02] grav.WARNING: Plugin 'pages-json' enabled but not found! Try clearing cache with `bin/grav clear-cache` [] []
[2016-07-28 18:46:03] grav.WARNING: Plugin 'pages-json' enabled but not found! Try clearing cache with `bin/grav clear-cache` [] []
[2016-07-28 18:46:03] grav.WARNING: Plugin 'pages-json' enabled but not found! Try clearing cache with `bin/grav clear-cache` [] []
[2016-07-28 18:46:05] grav.WARNING: Plugin 'pages-json' enabled but not found! Try clearing cache with `bin/grav clear-cache` [] []
[2016-07-28 18:46:06] grav.WARNING: Plugin 'pages-json' enabled but not found! Try clearing cache with `bin/grav clear-cache` [] []
[2016-07-28 18:46:06] grav.WARNING: Plugin 'pages-json' enabled but not found! Try clearing cache with `bin/grav clear-cache` [] []
[2016-07-28 18:46:10] grav.WARNING: Plugin 'pages-json' enabled but not found! Try clearing cache with `bin/grav clear-cache` [] []
[2016-07-28 18:46:12] grav.WARNING: Plugin 'pages-json' enabled but not found! Try clearing cache with `bin/grav clear-cache` [] []
[2016-07-28 18:46:13] grav.WARNING: Plugin 'pages-json' enabled but not found! Try clearing cache with `bin/grav clear-cache` [] []
[2016-07-28 18:46:14] grav.WARNING: Plugin 'pages-json' enabled but not found! Try clearing cache with `bin/grav clear-cache` [] []
[2016-07-28 18:46:17] grav.WARNING: Plugin 'pages-json' enabled but not found! Try clearing cache with `bin/grav clear-cache` [] []
[2016-07-28 18:46:18] grav.WARNING: Plugin 'pages-json' enabled but not found! Try clearing cache with `bin/grav clear-cache` [] []
[2016-07-28 18:46:24] grav.WARNING: Plugin 'pages-json' enabled but not found! Try clearing cache with `bin/grav clear-cache` [] []
[2016-07-28 18:46:27] grav.WARNING: Plugin 'pages-json' enabled but not found! Try clearing cache with `bin/grav clear-cache` [] []
[2016-07-28 18:49:49] grav.WARNING: Plugin 'pages-json' enabled but not found! Try clearing cache with `bin/grav clear-cache` [] []
[2016-07-28 18:49:51] grav.WARNING: Plugin 'pages-json' enabled but not found! Try clearing cache with `bin/grav clear-cache` [] []
[2016-07-28 18:50:04] grav.WARNING: Plugin 'pages-json' enabled but not found! Try clearing cache with `bin/grav clear-cache` [] []
[2016-07-28 18:50:05] grav.WARNING: Plugin 'pages-json' enabled but not found! Try clearing cache with `bin/grav clear-cache` [] []
[2016-07-28 18:50:07] grav.WARNING: Plugin 'pages-json' enabled but not found! Try clearing cache with `bin/grav clear-cache` [] []
[2016-07-28 18:50:11] grav.WARNING: Plugin 'pages-json' enabled but not found! Try clearing cache with `bin/grav clear-cache` [] []
[2016-07-28 18:50:15] grav.WARNING: Plugin 'pages-json' enabled but not found! Try clearing cache with `bin/grav clear-cache` [] []
[2016-07-28 18:50:18] grav.WARNING: Plugin 'pages-json' enabled but not found! Try clearing cache with `bin/grav clear-cache` [] []
[2016-07-28 18:50:18] grav.WARNING: Plugin 'pages-json' enabled but not found! Try clearing cache with `bin/grav clear-cache` [] []
[2016-07-28 18:50:19] grav.WARNING: Plugin 'pages-json' enabled but not found! Try clearing cache with `bin/grav clear-cache` [] []
[2016-07-28 18:50:19] grav.WARNING: Plugin 'pages-json' enabled but not found! Try clearing cache with `bin/grav clear-cache` [] []
[2016-07-28 18:50:21] grav.WARNING: Plugin 'pages-json' enabled but not found! Try clearing cache with `bin/grav clear-cache` [] []
[2016-07-28 18:50:35] grav.WARNING: Plugin 'pages-json' enabled but not found! Try clearing cache with `bin/grav clear-cache` [] []
[2016-07-28 18:50:36] grav.WARNING: Plugin 'pages-json' enabled but not found! Try clearing cache with `bin/grav clear-cache` [] []
[2016-07-28 18:50:38] grav.WARNING: Plugin 'pages-json' enabled but not found! Try clearing cache with `bin/grav clear-cache` [] []
[2016-07-28 18:50:38] grav.WARNING: Plugin 'pages-json' enabled but not found! Try clearing cache with `bin/grav clear-cache` [] []
[2016-07-28 18:50:38] grav.WARNING: Plugin 'pages-json' enabled but not found! Try clearing cache with `bin/grav clear-cache` [] []
[2016-07-28 18:50:41] grav.WARNING: Plugin 'pages-json' enabled but not found! Try clearing cache with `bin/grav clear-cache` [] []
[2016-07-28 18:51:08] grav.WARNING: Plugin 'pages-json' enabled but not found! Try clearing cache with `bin/grav clear-cache` [] []
[2016-07-28 18:51:09] grav.WARNING: Plugin 'pages-json' enabled but not found! Try clearing cache with `bin/grav clear-cache` [] []
[2016-07-28 18:51:11] grav.WARNING: Plugin 'pages-json' enabled but not found! Try clearing cache with `bin/grav clear-cache` [] []
[2016-07-28 18:51:12] grav.WARNING: Plugin 'pages-json' enabled but not found! Try clearing cache with `bin/grav clear-cache` [] []
[2016-07-28 18:51:25] grav.WARNING: Plugin 'pages-json' enabled but not found! Try clearing cache with `bin/grav clear-cache` [] []
[2016-07-28 18:51:27] grav.WARNING: Plugin 'pages-json' enabled but not found! Try clearing cache with `bin/grav clear-cache` [] []
[2016-07-28 18:51:47] grav.WARNING: Plugin 'pages-json' enabled but not found! Try clearing cache with `bin/grav clear-cache` [] []
[2016-07-28 18:51:48] grav.WARNING: Plugin 'pages-json' enabled but not found! Try clearing cache with `bin/grav clear-cache` [] []
[2016-07-28 18:51:55] grav.WARNING: Plugin 'pages-json' enabled but not found! Try clearing cache with `bin/grav clear-cache` [] []
[2016-07-28 18:51:56] grav.WARNING: Plugin 'pages-json' enabled but not found! Try clearing cache with `bin/grav clear-cache` [] []
[2016-07-28 18:52:00] grav.WARNING: Plugin 'pages-json' enabled but not found! Try clearing cache with `bin/grav clear-cache` [] []
[2016-07-28 18:52:03] grav.WARNING: Plugin 'pages-json' enabled but not found! Try clearing cache with `bin/grav clear-cache` [] []
[2016-07-28 18:52:03] grav.WARNING: Plugin 'pages-json' enabled but not found! Try clearing cache with `bin/grav clear-cache` [] []
[2016-07-28 18:52:26] grav.WARNING: Plugin 'pages-json' enabled but not found! Try clearing cache with `bin/grav clear-cache` [] []
[2016-07-28 18:52:26] grav.NOTICE: Invalid slug set in YAML frontmatter: /blog/Cara Memasang dan Menggunakan Font Awesome => cara memasang dan menggunakan font awesome [] []
[2016-07-28 18:52:27] grav.WARNING: Plugin 'pages-json' enabled but not found! Try clearing cache with `bin/grav clear-cache` [] []
[2016-07-28 18:52:29] grav.WARNING: Plugin 'pages-json' enabled but not found! Try clearing cache with `bin/grav clear-cache` [] []
[2016-07-28 18:52:29] grav.WARNING: Plugin 'pages-json' enabled but not found! Try clearing cache with `bin/grav clear-cache` [] []
[2016-07-28 18:52:30] grav.WARNING: Plugin 'pages-json' enabled but not found! Try clearing cache with `bin/grav clear-cache` [] []
[2016-07-28 18:52:31] grav.WARNING: Plugin 'pages-json' enabled but not found! Try clearing cache with `bin/grav clear-cache` [] []
[2016-07-28 18:52:34] grav.WARNING: Plugin 'pages-json' enabled but not found! Try clearing cache with `bin/grav clear-cache` [] []
[2016-07-28 18:52:35] grav.WARNING: Plugin 'pages-json' enabled but not found! Try clearing cache with `bin/grav clear-cache` [] []
[2016-07-28 18:52:39] grav.WARNING: Plugin 'pages-json' enabled but not found! Try clearing cache with `bin/grav clear-cache` [] []
[2016-07-28 18:52:40] grav.WARNING: Plugin 'pages-json' enabled but not found! Try clearing cache with `bin/grav clear-cache` [] []
[2016-07-28 18:52:41] grav.WARNING: Plugin 'pages-json' enabled but not found! Try clearing cache with `bin/grav clear-cache` [] []
[2016-07-28 18:52:42] grav.WARNING: Plugin 'pages-json' enabled but not found! Try clearing cache with `bin/grav clear-cache` [] []
[2016-07-28 18:52:43] grav.WARNING: Plugin 'pages-json' enabled but not found! Try clearing cache with `bin/grav clear-cache` [] []
[2016-07-28 18:52:44] grav.WARNING: Plugin 'pages-json' enabled but not found! Try clearing cache with `bin/grav clear-cache` [] []
[2016-07-28 18:52:45] grav.WARNING: Plugin 'pages-json' enabled but not found! Try clearing cache with `bin/grav clear-cache` [] []
[2016-07-28 18:52:48] grav.WARNING: Plugin 'pages-json' enabled but not found! Try clearing cache with `bin/grav clear-cache` [] []
[2016-07-28 18:52:50] grav.WARNING: Plugin 'pages-json' enabled but not found! Try clearing cache with `bin/grav clear-cache` [] []
[2016-07-28 18:52:57] grav.WARNING: Plugin 'pages-json' enabled but not found! Try clearing cache with `bin/grav clear-cache` [] []
[2016-07-28 18:52:58] grav.WARNING: Plugin 'pages-json' enabled but not found! Try clearing cache with `bin/grav clear-cache` [] []
[2016-07-28 18:53:00] grav.WARNING: Plugin 'pages-json' enabled but not found! Try clearing cache with `bin/grav clear-cache` [] []
[2016-07-28 18:53:01] grav.WARNING: Plugin 'pages-json' enabled but not found! Try clearing cache with `bin/grav clear-cache` [] []
[2016-07-28 18:53:03] grav.WARNING: Plugin 'pages-json' enabled but not found! Try clearing cache with `bin/grav clear-cache` [] []
[2016-07-28 18:53:04] grav.WARNING: Plugin 'pages-json' enabled but not found! Try clearing cache with `bin/grav clear-cache` [] []
[2016-07-28 18:53:05] grav.WARNING: Plugin 'pages-json' enabled but not found! Try clearing cache with `bin/grav clear-cache` [] []
[2016-07-28 18:53:07] grav.WARNING: Plugin 'pages-json' enabled but not found! Try clearing cache with `bin/grav clear-cache` [] []
[2016-07-28 18:53:15] grav.WARNING: Plugin 'pages-json' enabled but not found! Try clearing cache with `bin/grav clear-cache` [] []
[2016-07-28 18:53:18] grav.WARNING: Plugin 'pages-json' enabled but not found! Try clearing cache with `bin/grav clear-cache` [] []
[2016-07-28 18:53:18] grav.WARNING: Plugin 'pages-json' enabled but not found! Try clearing cache with `bin/grav clear-cache` [] []
[2016-07-28 18:53:20] grav.WARNING: Plugin 'pages-json' enabled but not found! Try clearing cache with `bin/grav clear-cache` [] []
[2016-07-28 18:53:21] grav.WARNING: Plugin 'pages-json' enabled but not found! Try clearing cache with `bin/grav clear-cache` [] []
[2016-07-28 18:53:23] grav.WARNING: Plugin 'pages-json' enabled but not found! Try clearing cache with `bin/grav clear-cache` [] []
[2016-07-28 18:53:23] grav.WARNING: Plugin 'pages-json' enabled but not found! Try clearing cache with `bin/grav clear-cache` [] []
[2016-07-28 18:53:33] grav.WARNING: Plugin 'pages-json' enabled but not found! Try clearing cache with `bin/grav clear-cache` [] []
[2016-07-28 18:53:35] grav.WARNING: Plugin 'pages-json' enabled but not found! Try clearing cache with `bin/grav clear-cache` [] []
[2016-07-28 18:53:36] grav.WARNING: Plugin 'pages-json' enabled but not found! Try clearing cache with `bin/grav clear-cache` [] []
[2016-07-28 18:53:39] grav.WARNING: Plugin 'pages-json' enabled but not found! Try clearing cache with `bin/grav clear-cache` [] []
[2016-07-28 18:53:39] grav.WARNING: Plugin 'pages-json' enabled but not found! Try clearing cache with `bin/grav clear-cache` [] []
[2016-07-28 18:53:40] grav.WARNING: Plugin 'pages-json' enabled but not found! Try clearing cache with `bin/grav clear-cache` [] []
[2016-07-28 18:53:41] grav.WARNING: Plugin 'pages-json' enabled but not found! Try clearing cache with `bin/grav clear-cache` [] []
[2016-07-28 18:53:42] grav.WARNING: Plugin 'pages-json' enabled but not found! Try clearing cache with `bin/grav clear-cache` [] []
[2016-07-28 18:53:47] grav.WARNING: Plugin 'pages-json' enabled but not found! Try clearing cache with `bin/grav clear-cache` [] []
[2016-07-28 18:53:49] grav.WARNING: Plugin 'pages-json' enabled but not found! Try clearing cache with `bin/grav clear-cache` [] []
[2016-07-28 18:53:51] grav.WARNING: Plugin 'pages-json' enabled but not found! Try clearing cache with `bin/grav clear-cache` [] []
[2016-07-28 18:53:54] grav.WARNING: Plugin 'pages-json' enabled but not found! Try clearing cache with `bin/grav clear-cache` [] []
[2016-07-28 18:53:54] grav.WARNING: Plugin 'pages-json' enabled but not found! Try clearing cache with `bin/grav clear-cache` [] []
[2016-07-28 18:53:57] grav.WARNING: Plugin 'pages-json' enabled but not found! Try clearing cache with `bin/grav clear-cache` [] []
[2016-07-28 18:53:59] grav.WARNING: Plugin 'pages-json' enabled but not found! Try clearing cache with `bin/grav clear-cache` [] []
[2016-07-28 18:54:00] grav.WARNING: Plugin 'pages-json' enabled but not found! Try clearing cache with `bin/grav clear-cache` [] []
[2016-07-28 18:54:02] grav.WARNING: Plugin 'pages-json' enabled but not found! Try clearing cache with `bin/grav clear-cache` [] []
[2016-07-28 18:54:03] grav.WARNING: Plugin 'pages-json' enabled but not found! Try clearing cache with `bin/grav clear-cache` [] []
[2016-07-28 18:54:12] grav.WARNING: Plugin 'pages-json' enabled but not found! Try clearing cache with `bin/grav clear-cache` [] []
[2016-07-28 18:54:12] grav.WARNING: Plugin 'pages-json' enabled but not found! Try clearing cache with `bin/grav clear-cache` [] []
[2016-07-28 18:54:14] grav.WARNING: Plugin 'pages-json' enabled but not found! Try clearing cache with `bin/grav clear-cache` [] []
[2016-07-28 18:54:15] grav.WARNING: Plugin 'pages-json' enabled but not found! Try clearing cache with `bin/grav clear-cache` [] []
[2016-07-28 18:54:17] grav.WARNING: Plugin 'pages-json' enabled but not found! Try clearing cache with `bin/grav clear-cache` [] []
[2016-07-28 18:54:18] grav.WARNING: Plugin 'pages-json' enabled but not found! Try clearing cache with `bin/grav clear-cache` [] []
[2016-07-28 18:54:24] grav.WARNING: Plugin 'pages-json' enabled but not found! Try clearing cache with `bin/grav clear-cache` [] []
[2016-07-28 18:54:25] grav.WARNING: Plugin 'pages-json' enabled but not found! Try clearing cache with `bin/grav clear-cache` [] []
[2016-07-28 18:54:28] grav.WARNING: Plugin 'pages-json' enabled but not found! Try clearing cache with `bin/grav clear-cache` [] []
[2016-07-28 18:54:30] grav.WARNING: Plugin 'pages-json' enabled but not found! Try clearing cache with `bin/grav clear-cache` [] []
[2016-07-28 18:54:32] grav.WARNING: Plugin 'pages-json' enabled but not found! Try clearing cache with `bin/grav clear-cache` [] []
[2016-07-28 18:54:34] grav.WARNING: Plugin 'pages-json' enabled but not found! Try clearing cache with `bin/grav clear-cache` [] []
[2016-07-28 18:54:35] grav.WARNING: Plugin 'pages-json' enabled but not found! Try clearing cache with `bin/grav clear-cache` [] []
[2016-07-28 18:54:40] grav.WARNING: Plugin 'pages-json' enabled but not found! Try clearing cache with `bin/grav clear-cache` [] []
[2016-07-28 18:54:42] grav.WARNING: Plugin 'pages-json' enabled but not found! Try clearing cache with `bin/grav clear-cache` [] []
[2016-07-28 18:54:46] grav.WARNING: Plugin 'pages-json' enabled but not found! Try clearing cache with `bin/grav clear-cache` [] []
[2016-07-28 18:54:51] grav.WARNING: Plugin 'pages-json' enabled but not found! Try clearing cache with `bin/grav clear-cache` [] []
[2016-07-28 18:54:51] grav.WARNING: Plugin 'pages-json' enabled but not found! Try clearing cache with `bin/grav clear-cache` [] []
[2016-07-28 18:54:58] grav.WARNING: Plugin 'pages-json' enabled but not found! Try clearing cache with `bin/grav clear-cache` [] []
[2016-07-28 18:54:59] grav.WARNING: Plugin 'pages-json' enabled but not found! Try clearing cache with `bin/grav clear-cache` [] []
[2016-07-28 18:55:03] grav.WARNING: Plugin 'pages-json' enabled but not found! Try clearing cache with `bin/grav clear-cache` [] []
[2016-07-28 18:55:03] grav.WARNING: Plugin 'pages-json' enabled but not found! Try clearing cache with `bin/grav clear-cache` [] []
[2016-07-28 18:55:05] grav.WARNING: Plugin 'pages-json' enabled but not found! Try clearing cache with `bin/grav clear-cache` [] []
[2016-07-28 18:55:06] grav.WARNING: Plugin 'pages-json' enabled but not found! Try clearing cache with `bin/grav clear-cache` [] []
[2016-07-28 18:55:07] grav.WARNING: Plugin 'pages-json' enabled but not found! Try clearing cache with `bin/grav clear-cache` [] []
[2016-07-28 18:55:09] grav.WARNING: Plugin 'pages-json' enabled but not found! Try clearing cache with `bin/grav clear-cache` [] []
[2016-07-28 18:55:15] grav.WARNING: Plugin 'pages-json' enabled but not found! Try clearing cache with `bin/grav clear-cache` [] []
[2016-07-28 18:55:16] grav.WARNING: Plugin 'pages-json' enabled but not found! Try clearing cache with `bin/grav clear-cache` [] []
[2016-07-28 18:55:19] grav.WARNING: Plugin 'pages-json' enabled but not found! Try clearing cache with `bin/grav clear-cache` [] []
[2016-07-28 18:55:21] grav.WARNING: Plugin 'pages-json' enabled but not found! Try clearing cache with `bin/grav clear-cache` [] []
[2016-07-28 18:55:26] grav.WARNING: Plugin 'pages-json' enabled but not found! Try clearing cache with `bin/grav clear-cache` [] []
[2016-07-28 18:55:29] grav.WARNING: Plugin 'pages-json' enabled but not found! Try clearing cache with `bin/grav clear-cache` [] []
[2016-07-28 18:55:39] grav.WARNING: Plugin 'pages-json' enabled but not found! Try clearing cache with `bin/grav clear-cache` [] []
[2016-07-28 18:55:57] grav.WARNING: Plugin 'pages-json' enabled but not found! Try clearing cache with `bin/grav clear-cache` [] []
[2016-07-28 18:55:59] grav.WARNING: Plugin 'pages-json' enabled but not found! Try clearing cache with `bin/grav clear-cache` [] []
[2016-07-28 18:56:01] grav.WARNING: Plugin 'pages-json' enabled but not found! Try clearing cache with `bin/grav clear-cache` [] []
[2016-07-28 18:56:05] grav.WARNING: Plugin 'pages-json' enabled but not found! Try clearing cache with `bin/grav clear-cache` [] []
[2016-07-28 18:56:05] grav.WARNING: Plugin 'pages-json' enabled but not found! Try clearing cache with `bin/grav clear-cache` [] []
[2016-07-28 18:56:06] grav.WARNING: Plugin 'pages-json' enabled but not found! Try clearing cache with `bin/grav clear-cache` [] []
[2016-07-28 18:56:07] grav.WARNING: Plugin 'pages-json' enabled but not found! Try clearing cache with `bin/grav clear-cache` [] []
[2016-07-28 18:56:10] grav.WARNING: Plugin 'pages-json' enabled but not found! Try clearing cache with `bin/grav clear-cache` [] []
[2016-07-28 18:56:10] grav.WARNING: Plugin 'pages-json' enabled but not found! Try clearing cache with `bin/grav clear-cache` [] []
[2016-07-28 18:56:12] grav.WARNING: Plugin 'pages-json' enabled but not found! Try clearing cache with `bin/grav clear-cache` [] []
[2016-07-28 18:56:15] grav.WARNING: Plugin 'pages-json' enabled but not found! Try clearing cache with `bin/grav clear-cache` [] []
[2016-07-28 18:56:24] grav.WARNING: Plugin 'pages-json' enabled but not found! Try clearing cache with `bin/grav clear-cache` [] []
[2016-07-28 18:56:25] grav.WARNING: Plugin 'pages-json' enabled but not found! Try clearing cache with `bin/grav clear-cache` [] []
[2016-07-28 18:56:30] grav.WARNING: Plugin 'pages-json' enabled but not found! Try clearing cache with `bin/grav clear-cache` [] []
[2016-07-28 18:56:33] grav.WARNING: Plugin 'pages-json' enabled but not found! Try clearing cache with `bin/grav clear-cache` [] []
[2016-07-28 18:56:33] grav.WARNING: Plugin 'pages-json' enabled but not found! Try clearing cache with `bin/grav clear-cache` [] []
[2016-07-28 18:56:37] grav.WARNING: Plugin 'pages-json' enabled but not found! Try clearing cache with `bin/grav clear-cache` [] []
[2016-07-28 18:56:39] grav.WARNING: Plugin 'pages-json' enabled but not found! Try clearing cache with `bin/grav clear-cache` [] []
[2016-07-28 18:56:44] grav.WARNING: Plugin 'pages-json' enabled but not found! Try clearing cache with `bin/grav clear-cache` [] []
[2016-07-28 18:56:46] grav.WARNING: Plugin 'pages-json' enabled but not found! Try clearing cache with `bin/grav clear-cache` [] []
[2016-07-28 18:56:46] grav.WARNING: Plugin 'pages-json' enabled but not found! Try clearing cache with `bin/grav clear-cache` [] []
[2016-07-28 18:56:53] grav.WARNING: Plugin 'pages-json' enabled but not found! Try clearing cache with `bin/grav clear-cache` [] []
[2016-07-28 18:56:54] grav.WARNING: Plugin 'pages-json' enabled but not found! Try clearing cache with `bin/grav clear-cache` [] []
[2016-07-28 18:57:03] grav.WARNING: Plugin 'pages-json' enabled but not found! Try clearing cache with `bin/grav clear-cache` [] []
[2016-07-28 18:57:04] grav.WARNING: Plugin 'pages-json' enabled but not found! Try clearing cache with `bin/grav clear-cache` [] []
[2016-07-28 18:57:04] grav.WARNING: Plugin 'pages-json' enabled but not found! Try clearing cache with `bin/grav clear-cache` [] []
[2016-07-28 18:57:06] grav.WARNING: Plugin 'pages-json' enabled but not found! Try clearing cache with `bin/grav clear-cache` [] []
[2016-07-28 18:57:06] grav.WARNING: Plugin 'pages-json' enabled but not found! Try clearing cache with `bin/grav clear-cache` [] []
[2016-07-28 18:57:07] grav.WARNING: Plugin 'pages-json' enabled but not found! Try clearing cache with `bin/grav clear-cache` [] []
[2016-07-28 18:57:11] grav.WARNING: Plugin 'pages-json' enabled but not found! Try clearing cache with `bin/grav clear-cache` [] []
[2016-07-28 18:57:13] grav.WARNING: Plugin 'pages-json' enabled but not found! Try clearing cache with `bin/grav clear-cache` [] []
[2016-07-28 18:57:17] grav.WARNING: Plugin 'pages-json' enabled but not found! Try clearing cache with `bin/grav clear-cache` [] []
[2016-07-28 18:57:20] grav.WARNING: Plugin 'pages-json' enabled but not found! Try clearing cache with `bin/grav clear-cache` [] []
[2016-07-28 18:57:22] grav.WARNING: Plugin 'pages-json' enabled but not found! Try clearing cache with `bin/grav clear-cache` [] []
[2016-07-28 18:57:26] grav.WARNING: Plugin 'pages-json' enabled but not found! Try clearing cache with `bin/grav clear-cache` [] []
[2016-07-28 18:57:30] grav.WARNING: Plugin 'pages-json' enabled but not found! Try clearing cache with `bin/grav clear-cache` [] []
[2016-07-28 18:57:32] grav.WARNING: Plugin 'pages-json' enabled but not found! Try clearing cache with `bin/grav clear-cache` [] []
[2016-07-28 18:57:33] grav.WARNING: Plugin 'pages-json' enabled but not found! Try clearing cache with `bin/grav clear-cache` [] []
[2016-07-28 18:57:34] grav.WARNING: Plugin 'pages-json' enabled but not found! Try clearing cache with `bin/grav clear-cache` [] []
[2016-07-28 18:58:04] grav.WARNING: Plugin 'pages-json' enabled but not found! Try clearing cache with `bin/grav clear-cache` [] []
[2016-07-28 19:05:58] grav.WARNING: Plugin 'pages-json' enabled but not found! Try clearing cache with `bin/grav clear-cache` [] []
[2016-07-28 19:06:25] grav.WARNING: Plugin 'pages-json' enabled but not found! Try clearing cache with `bin/grav clear-cache` [] []
[2016-07-28 19:06:26] grav.WARNING: Plugin 'pages-json' enabled but not found! Try clearing cache with `bin/grav clear-cache` [] []
[2016-07-28 19:08:31] grav.WARNING: Plugin 'pages-json' enabled but not found! Try clearing cache with `bin/grav clear-cache` [] []
[2016-07-28 19:08:33] grav.WARNING: Plugin 'pages-json' enabled but not found! Try clearing cache with `bin/grav clear-cache` [] []
[2016-07-28 19:08:39] grav.WARNING: Plugin 'pages-json' enabled but not found! Try clearing cache with `bin/grav clear-cache` [] []
[2016-07-28 19:08:41] grav.WARNING: Plugin 'pages-json' enabled but not found! Try clearing cache with `bin/grav clear-cache` [] []
[2016-07-28 19:08:47] grav.WARNING: Plugin 'pages-json' enabled but not found! Try clearing cache with `bin/grav clear-cache` [] []
[2016-07-28 19:08:49] grav.WARNING: Plugin 'pages-json' enabled but not found! Try clearing cache with `bin/grav clear-cache` [] []
[2016-07-28 19:08:58] grav.WARNING: Plugin 'pages-json' enabled but not found! Try clearing cache with `bin/grav clear-cache` [] []
[2016-07-28 19:09:00] grav.WARNING: Plugin 'pages-json' enabled but not found! Try clearing cache with `bin/grav clear-cache` [] []
[2016-07-28 19:09:11] grav.WARNING: Plugin 'pages-json' enabled but not found! Try clearing cache with `bin/grav clear-cache` [] []
[2016-07-28 19:09:13] grav.WARNING: Plugin 'pages-json' enabled but not found! Try clearing cache with `bin/grav clear-cache` [] []
[2016-07-28 19:17:33] grav.WARNING: Plugin 'pages-json' enabled but not found! Try clearing cache with `bin/grav clear-cache` [] []
[2016-07-29 03:59:21] grav.WARNING: Plugin 'pages-json' enabled but not found! Try clearing cache with `bin/grav clear-cache` [] []
[2016-07-29 03:59:28] grav.WARNING: Plugin 'pages-json' enabled but not found! Try clearing cache with `bin/grav clear-cache` [] []
[2016-07-29 03:59:59] grav.WARNING: Plugin 'pages-json' enabled but not found! Try clearing cache with `bin/grav clear-cache` [] []
[2016-07-29 04:00:01] grav.WARNING: Plugin 'pages-json' enabled but not found! Try clearing cache with `bin/grav clear-cache` [] []
[2016-07-29 04:03:36] grav.WARNING: Plugin 'pages-json' enabled but not found! Try clearing cache with `bin/grav clear-cache` [] []
[2016-07-29 04:03:38] grav.WARNING: Plugin 'pages-json' enabled but not found! Try clearing cache with `bin/grav clear-cache` [] []
[2016-07-29 04:13:44] grav.WARNING: Plugin 'pages-json' enabled but not found! Try clearing cache with `bin/grav clear-cache` [] []
[2016-07-29 04:13:49] grav.WARNING: Plugin 'pages-json' enabled but not found! Try clearing cache with `bin/grav clear-cache` [] []
[2016-07-29 04:16:22] grav.WARNING: Plugin 'pages-json' enabled but not found! Try clearing cache with `bin/grav clear-cache` [] []
[2016-07-29 04:16:25] grav.WARNING: Plugin 'pages-json' enabled but not found! Try clearing cache with `bin/grav clear-cache` [] []
[2016-07-29 04:16:58] grav.WARNING: Plugin 'pages-json' enabled but not found! Try clearing cache with `bin/grav clear-cache` [] []
[2016-07-29 04:17:00] grav.WARNING: Plugin 'pages-json' enabled but not found! Try clearing cache with `bin/grav clear-cache` [] []
[2016-07-29 04:17:01] grav.WARNING: Plugin 'pages-json' enabled but not found! Try clearing cache with `bin/grav clear-cache` [] []
[2016-07-29 04:17:03] grav.WARNING: Plugin 'pages-json' enabled but not found! Try clearing cache with `bin/grav clear-cache` [] []
[2016-07-29 04:17:37] grav.WARNING: Plugin 'pages-json' enabled but not found! Try clearing cache with `bin/grav clear-cache` [] []
[2016-07-29 04:17:38] grav.WARNING: Plugin 'pages-json' enabled but not found! Try clearing cache with `bin/grav clear-cache` [] []
[2016-07-29 04:18:57] grav.WARNING: Plugin 'pages-json' enabled but not found! Try clearing cache with `bin/grav clear-cache` [] []
[2016-07-29 04:19:08] grav.WARNING: Plugin 'pages-json' enabled but not found! Try clearing cache with `bin/grav clear-cache` [] []
[2016-07-29 04:19:09] grav.WARNING: Plugin 'pages-json' enabled but not found! Try clearing cache with `bin/grav clear-cache` [] []
[2016-07-29 04:19:16] grav.WARNING: Plugin 'pages-json' enabled but not found! Try clearing cache with `bin/grav clear-cache` [] []
[2016-07-29 04:20:14] grav.WARNING: Plugin 'pages-json' enabled but not found! Try clearing cache with `bin/grav clear-cache` [] []
[2016-07-29 04:20:19] grav.WARNING: Plugin 'pages-json' enabled but not found! Try clearing cache with `bin/grav clear-cache` [] []
[2016-07-29 04:20:21] grav.WARNING: Plugin 'pages-json' enabled but not found! Try clearing cache with `bin/grav clear-cache` [] []
[2016-07-29 04:20:27] grav.WARNING: Plugin 'pages-json' enabled but not found! Try clearing cache with `bin/grav clear-cache` [] []
[2016-07-29 04:20:56] grav.WARNING: Plugin 'pages-json' enabled but not found! Try clearing cache with `bin/grav clear-cache` [] []
[2016-07-29 04:21:04] grav.WARNING: Plugin 'pages-json' enabled but not found! Try clearing cache with `bin/grav clear-cache` [] []
[2016-07-29 04:21:12] grav.WARNING: Plugin 'pages-json' enabled but not found! Try clearing cache with `bin/grav clear-cache` [] []
[2016-07-29 04:21:22] grav.WARNING: Plugin 'pages-json' enabled but not found! Try clearing cache with `bin/grav clear-cache` [] []
[2016-07-29 04:24:13] grav.WARNING: Plugin 'pages-json' enabled but not found! Try clearing cache with `bin/grav clear-cache` [] []
[2016-07-29 04:24:19] grav.WARNING: Plugin 'pages-json' enabled but not found! Try clearing cache with `bin/grav clear-cache` [] []
[2016-07-29 04:24:22] grav.WARNING: Plugin 'pages-json' enabled but not found! Try clearing cache with `bin/grav clear-cache` [] []
[2016-07-29 04:24:26] grav.WARNING: Plugin 'pages-json' enabled but not found! Try clearing cache with `bin/grav clear-cache` [] []
[2016-07-29 04:24:32] grav.WARNING: Plugin 'pages-json' enabled but not found! Try clearing cache with `bin/grav clear-cache` [] []
[2016-07-29 04:24:39] grav.WARNING: Plugin 'pages-json' enabled but not found! Try clearing cache with `bin/grav clear-cache` [] []
[2016-07-29 04:25:01] grav.WARNING: Plugin 'pages-json' enabled but not found! Try clearing cache with `bin/grav clear-cache` [] []
[2016-07-29 04:25:05] grav.WARNING: Plugin 'pages-json' enabled but not found! Try clearing cache with `bin/grav clear-cache` [] []
[2016-07-29 04:25:09] grav.WARNING: Plugin 'pages-json' enabled but not found! Try clearing cache with `bin/grav clear-cache` [] []
[2016-07-29 04:25:16] grav.WARNING: Plugin 'pages-json' enabled but not found! Try clearing cache with `bin/grav clear-cache` [] []
[2016-07-29 04:25:23] grav.WARNING: Plugin 'pages-json' enabled but not found! Try clearing cache with `bin/grav clear-cache` [] []
[2016-07-29 04:45:26] grav.WARNING: Plugin 'pages-json' enabled but not found! Try clearing cache with `bin/grav clear-cache` [] []
[2016-07-29 05:05:17] grav.WARNING: Plugin 'pages-json' enabled but not found! Try clearing cache with `bin/grav clear-cache` [] []
[2016-07-29 05:08:59] grav.WARNING: Plugin 'pages-json' enabled but not found! Try clearing cache with `bin/grav clear-cache` [] []
[2016-07-29 05:09:02] grav.WARNING: Plugin 'pages-json' enabled but not found! Try clearing cache with `bin/grav clear-cache` [] []
[2016-07-29 05:09:05] grav.WARNING: Plugin 'pages-json' enabled but not found! Try clearing cache with `bin/grav clear-cache` [] []
[2016-07-29 05:09:07] grav.WARNING: Plugin 'pages-json' enabled but not found! Try clearing cache with `bin/grav clear-cache` [] []
[2016-07-29 05:25:16] grav.WARNING: Plugin 'pages-json' enabled but not found! Try clearing cache with `bin/grav clear-cache` [] []
[2016-07-29 05:38:40] grav.WARNING: Plugin 'pages-json' enabled but not found! Try clearing cache with `bin/grav clear-cache` [] []
[2016-07-29 05:38:42] grav.WARNING: Plugin 'pages-json' enabled but not found! Try clearing cache with `bin/grav clear-cache` [] []
[2016-07-29 05:38:56] grav.WARNING: Plugin 'pages-json' enabled but not found! Try clearing cache with `bin/grav clear-cache` [] []
[2016-07-29 05:40:37] grav.WARNING: Plugin 'pages-json' enabled but not found! Try clearing cache with `bin/grav clear-cache` [] []
[2016-07-29 05:40:39] grav.WARNING: Plugin 'pages-json' enabled but not found! Try clearing cache with `bin/grav clear-cache` [] []
[2016-07-29 05:40:41] grav.WARNING: Plugin 'pages-json' enabled but not found! Try clearing cache with `bin/grav clear-cache` [] []
[2016-07-29 05:40:43] grav.WARNING: Plugin 'pages-json' enabled but not found! Try clearing cache with `bin/grav clear-cache` [] []
[2016-07-29 05:41:43] grav.WARNING: Plugin 'pages-json' enabled but not found! Try clearing cache with `bin/grav clear-cache` [] []
[2016-07-29 05:41:46] grav.WARNING: Plugin 'pages-json' enabled but not found! Try clearing cache with `bin/grav clear-cache` [] []
[2016-07-29 05:43:17] grav.WARNING: Plugin 'pages-json' enabled but not found! Try clearing cache with `bin/grav clear-cache` [] []
[2016-07-29 05:43:20] grav.WARNING: Plugin 'pages-json' enabled but not found! Try clearing cache with `bin/grav clear-cache` [] []
[2016-07-29 05:45:26] grav.WARNING: Plugin 'pages-json' enabled but not found! Try clearing cache with `bin/grav clear-cache` [] []
[2016-07-29 05:45:28] grav.WARNING: Plugin 'pages-json' enabled but not found! Try clearing cache with `bin/grav clear-cache` [] []
[2016-07-29 05:47:10] grav.WARNING: Plugin 'pages-json' enabled but not found! Try clearing cache with `bin/grav clear-cache` [] []
[2016-07-29 05:47:12] grav.WARNING: Plugin 'pages-json' enabled but not found! Try clearing cache with `bin/grav clear-cache` [] []
[2016-07-29 05:48:50] grav.WARNING: Plugin 'pages-json' enabled but not found! Try clearing cache with `bin/grav clear-cache` [] []
[2016-07-29 05:48:51] grav.WARNING: Plugin 'pages-json' enabled but not found! Try clearing cache with `bin/grav clear-cache` [] []
[2016-07-29 05:50:22] grav.WARNING: Plugin 'pages-json' enabled but not found! Try clearing cache with `bin/grav clear-cache` [] []
[2016-07-29 05:51:01] grav.WARNING: Plugin 'pages-json' enabled but not found! Try clearing cache with `bin/grav clear-cache` [] []
[2016-07-29 05:51:07] grav.WARNING: Plugin 'pages-json' enabled but not found! Try clearing cache with `bin/grav clear-cache` [] []
[2016-07-29 05:51:08] grav.WARNING: Plugin 'pages-json' enabled but not found! Try clearing cache with `bin/grav clear-cache` [] []
[2016-07-29 05:51:36] grav.WARNING: Plugin 'pages-json' enabled but not found! Try clearing cache with `bin/grav clear-cache` [] []
[2016-07-29 05:51:37] grav.WARNING: Plugin 'pages-json' enabled but not found! Try clearing cache with `bin/grav clear-cache` [] []
[2016-07-29 05:51:40] grav.WARNING: Plugin 'pages-json' enabled but not found! Try clearing cache with `bin/grav clear-cache` [] []
[2016-07-29 05:51:40] grav.WARNING: Plugin 'pages-json' enabled but not found! Try clearing cache with `bin/grav clear-cache` [] []
[2016-07-29 06:07:13] grav.WARNING: Plugin 'pages-json' enabled but not found! Try clearing cache with `bin/grav clear-cache` [] []
[2016-07-29 06:07:15] grav.WARNING: Plugin 'pages-json' enabled but not found! Try clearing cache with `bin/grav clear-cache` [] []
[2016-07-29 06:07:22] grav.WARNING: Plugin 'pages-json' enabled but not found! Try clearing cache with `bin/grav clear-cache` [] []
[2016-07-29 06:07:23] grav.WARNING: Plugin 'pages-json' enabled but not found! Try clearing cache with `bin/grav clear-cache` [] []
[2016-07-29 06:07:24] grav.WARNING: Plugin 'pages-json' enabled but not found! Try clearing cache with `bin/grav clear-cache` [] []
[2016-07-29 06:07:26] grav.WARNING: Plugin 'pages-json' enabled but not found! Try clearing cache with `bin/grav clear-cache` [] []
[2016-07-29 06:07:28] grav.WARNING: Plugin 'pages-json' enabled but not found! Try clearing cache with `bin/grav clear-cache` [] []
[2016-07-29 06:07:28] grav.WARNING: Plugin 'pages-json' enabled but not found! Try clearing cache with `bin/grav clear-cache` [] []
[2016-07-29 06:07:29] grav.WARNING: Plugin 'pages-json' enabled but not found! Try clearing cache with `bin/grav clear-cache` [] []
[2016-07-29 06:07:30] grav.WARNING: Plugin 'pages-json' enabled but not found! Try clearing cache with `bin/grav clear-cache` [] []
[2016-07-29 06:07:31] grav.WARNING: Plugin 'pages-json' enabled but not found! Try clearing cache with `bin/grav clear-cache` [] []
[2016-07-29 06:07:33] grav.WARNING: Plugin 'pages-json' enabled but not found! Try clearing cache with `bin/grav clear-cache` [] []
[2016-07-29 06:07:35] grav.WARNING: Plugin 'pages-json' enabled but not found! Try clearing cache with `bin/grav clear-cache` [] []
[2016-07-29 06:08:16] grav.WARNING: Plugin 'pages-json' enabled but not found! Try clearing cache with `bin/grav clear-cache` [] []
[2016-07-29 06:08:17] grav.WARNING: Plugin 'pages-json' enabled but not found! Try clearing cache with `bin/grav clear-cache` [] []
[2016-07-29 06:09:00] grav.WARNING: Plugin 'pages-json' enabled but not found! Try clearing cache with `bin/grav clear-cache` [] []
[2016-07-29 06:09:01] grav.WARNING: Plugin 'pages-json' enabled but not found! Try clearing cache with `bin/grav clear-cache` [] []
[2016-07-29 06:10:00] grav.WARNING: Plugin 'pages-json' enabled but not found! Try clearing cache with `bin/grav clear-cache` [] []
[2016-07-29 06:10:01] grav.WARNING: Plugin 'pages-json' enabled but not found! Try clearing cache with `bin/grav clear-cache` [] []
[2016-07-29 06:11:15] grav.WARNING: Plugin 'pages-json' enabled but not found! Try clearing cache with `bin/grav clear-cache` [] []
[2016-07-29 06:11:17] grav.WARNING: Plugin 'pages-json' enabled but not found! Try clearing cache with `bin/grav clear-cache` [] []
[2016-07-29 06:11:30] grav.WARNING: Plugin 'pages-json' enabled but not found! Try clearing cache with `bin/grav clear-cache` [] []
[2016-07-29 06:11:31] grav.WARNING: Plugin 'pages-json' enabled but not found! Try clearing cache with `bin/grav clear-cache` [] []
[2016-07-29 06:11:34] grav.WARNING: Plugin 'pages-json' enabled but not found! Try clearing cache with `bin/grav clear-cache` [] []
[2016-07-29 06:11:35] grav.WARNING: Plugin 'pages-json' enabled but not found! Try clearing cache with `bin/grav clear-cache` [] []
[2016-07-29 06:11:41] grav.WARNING: Plugin 'pages-json' enabled but not found! Try clearing cache with `bin/grav clear-cache` [] []
[2016-07-29 06:12:20] grav.WARNING: Plugin 'pages-json' enabled but not found! Try clearing cache with `bin/grav clear-cache` [] []
[2016-07-29 06:12:35] grav.WARNING: Plugin 'pages-json' enabled but not found! Try clearing cache with `bin/grav clear-cache` [] []
[2016-07-29 06:12:38] grav.WARNING: Plugin 'pages-json' enabled but not found! Try clearing cache with `bin/grav clear-cache` [] []
[2016-07-29 06:12:39] grav.WARNING: Plugin 'pages-json' enabled but not found! Try clearing cache with `bin/grav clear-cache` [] []
[2016-07-29 06:12:41] grav.WARNING: Plugin 'pages-json' enabled but not found! Try clearing cache with `bin/grav clear-cache` [] []
[2016-07-29 06:13:45] grav.WARNING: Plugin 'pages-json' enabled but not found! Try clearing cache with `bin/grav clear-cache` [] []
[2016-07-29 06:13:54] grav.WARNING: Plugin 'pages-json' enabled but not found! Try clearing cache with `bin/grav clear-cache` [] []
[2016-07-29 06:14:41] grav.WARNING: Plugin 'pages-json' enabled but not found! Try clearing cache with `bin/grav clear-cache` [] []
[2016-07-29 06:14:43] grav.WARNING: Plugin 'pages-json' enabled but not found! Try clearing cache with `bin/grav clear-cache` [] []
[2016-07-29 06:14:49] grav.WARNING: Plugin 'pages-json' enabled but not found! Try clearing cache with `bin/grav clear-cache` [] []
[2016-07-29 06:15:23] grav.WARNING: Plugin 'pages-json' enabled but not found! Try clearing cache with `bin/grav clear-cache` [] []
[2016-07-29 06:15:39] grav.WARNING: Plugin 'pages-json' enabled but not found! Try clearing cache with `bin/grav clear-cache` [] []
[2016-07-29 06:15:41] grav.WARNING: Plugin 'pages-json' enabled but not found! Try clearing cache with `bin/grav clear-cache` [] []
[2016-07-29 06:16:48] grav.WARNING: Plugin 'pages-json' enabled but not found! Try clearing cache with `bin/grav clear-cache` [] []
[2016-07-29 06:16:50] grav.WARNING: Plugin 'pages-json' enabled but not found! Try clearing cache with `bin/grav clear-cache` [] []
[2016-07-29 06:17:28] grav.WARNING: Plugin 'pages-json' enabled but not found! Try clearing cache with `bin/grav clear-cache` [] []
[2016-07-29 06:17:33] grav.WARNING: Plugin 'pages-json' enabled but not found! Try clearing cache with `bin/grav clear-cache` [] []
[2016-07-29 06:17:39] grav.WARNING: Plugin 'pages-json' enabled but not found! Try clearing cache with `bin/grav clear-cache` [] []
[2016-07-29 06:17:43] grav.WARNING: Plugin 'pages-json' enabled but not found! Try clearing cache with `bin/grav clear-cache` [] []
[2016-07-29 06:17:55] grav.WARNING: Plugin 'pages-json' enabled but not found! Try clearing cache with `bin/grav clear-cache` [] []
[2016-07-29 06:18:11] grav.WARNING: Plugin 'pages-json' enabled but not found! Try clearing cache with `bin/grav clear-cache` [] []
[2016-07-29 06:18:13] grav.WARNING: Plugin 'pages-json' enabled but not found! Try clearing cache with `bin/grav clear-cache` [] []
[2016-07-29 06:18:24] grav.WARNING: Plugin 'pages-json' enabled but not found! Try clearing cache with `bin/grav clear-cache` [] []
[2016-07-29 06:18:27] grav.WARNING: Plugin 'pages-json' enabled but not found! Try clearing cache with `bin/grav clear-cache` [] []
[2016-07-29 06:18:34] grav.WARNING: Plugin 'pages-json' enabled but not found! Try clearing cache with `bin/grav clear-cache` [] []
[2016-07-29 06:18:34] grav.WARNING: Plugin 'pages-json' enabled but not found! Try clearing cache with `bin/grav clear-cache` [] []
[2016-07-29 06:18:36] grav.WARNING: Plugin 'pages-json' enabled but not found! Try clearing cache with `bin/grav clear-cache` [] []
[2016-07-29 06:18:42] grav.WARNING: Plugin 'pages-json' enabled but not found! Try clearing cache with `bin/grav clear-cache` [] []
[2016-07-29 06:18:49] grav.WARNING: Plugin 'pages-json' enabled but not found! Try clearing cache with `bin/grav clear-cache` [] []
[2016-07-29 06:18:51] grav.WARNING: Plugin 'pages-json' enabled but not found! Try clearing cache with `bin/grav clear-cache` [] []
[2016-07-29 06:18:58] grav.WARNING: Plugin 'pages-json' enabled but not found! Try clearing cache with `bin/grav clear-cache` [] []
[2016-07-29 06:19:14] grav.WARNING: Plugin 'pages-json' enabled but not found! Try clearing cache with `bin/grav clear-cache` [] []
[2016-07-29 06:19:15] grav.WARNING: Plugin 'pages-json' enabled but not found! Try clearing cache with `bin/grav clear-cache` [] []
[2016-07-29 06:19:21] grav.WARNING: Plugin 'pages-json' enabled but not found! Try clearing cache with `bin/grav clear-cache` [] []
[2016-07-29 06:19:22] grav.WARNING: Plugin 'pages-json' enabled but not found! Try clearing cache with `bin/grav clear-cache` [] []
[2016-07-29 06:19:23] grav.WARNING: Plugin 'pages-json' enabled but not found! Try clearing cache with `bin/grav clear-cache` [] []
[2016-07-29 06:19:26] grav.WARNING: Plugin 'pages-json' enabled but not found! Try clearing cache with `bin/grav clear-cache` [] []
[2016-07-29 06:19:36] grav.WARNING: Plugin 'pages-json' enabled but not found! Try clearing cache with `bin/grav clear-cache` [] []
[2016-07-29 06:19:41] grav.WARNING: Plugin 'pages-json' enabled but not found! Try clearing cache with `bin/grav clear-cache` [] []
[2016-07-29 06:20:19] grav.WARNING: Plugin 'pages-json' enabled but not found! Try clearing cache with `bin/grav clear-cache` [] []
[2016-07-29 06:20:22] grav.WARNING: Plugin 'pages-json' enabled but not found! Try clearing cache with `bin/grav clear-cache` [] []
[2016-07-29 06:20:33] grav.WARNING: Plugin 'pages-json' enabled but not found! Try clearing cache with `bin/grav clear-cache` [] []
[2016-07-29 06:20:41] grav.WARNING: Plugin 'pages-json' enabled but not found! Try clearing cache with `bin/grav clear-cache` [] []
[2016-07-29 06:20:43] grav.WARNING: Plugin 'pages-json' enabled but not found! Try clearing cache with `bin/grav clear-cache` [] []
[2016-07-29 06:21:18] grav.WARNING: Plugin 'pages-json' enabled but not found! Try clearing cache with `bin/grav clear-cache` [] []
[2016-07-29 06:21:19] grav.WARNING: Plugin 'pages-json' enabled but not found! Try clearing cache with `bin/grav clear-cache` [] []
[2016-07-29 06:21:26] grav.WARNING: Plugin 'pages-json' enabled but not found! Try clearing cache with `bin/grav clear-cache` [] []
[2016-07-29 06:21:28] grav.WARNING: Plugin 'pages-json' enabled but not found! Try clearing cache with `bin/grav clear-cache` [] []
[2016-07-29 06:21:33] grav.WARNING: Plugin 'pages-json' enabled but not found! Try clearing cache with `bin/grav clear-cache` [] []
[2016-07-29 06:21:42] grav.WARNING: Plugin 'pages-json' enabled but not found! Try clearing cache with `bin/grav clear-cache` [] []
[2016-07-29 06:21:49] grav.WARNING: Plugin 'pages-json' enabled but not found! Try clearing cache with `bin/grav clear-cache` [] []
[2016-07-29 06:21:55] grav.WARNING: Plugin 'pages-json' enabled but not found! Try clearing cache with `bin/grav clear-cache` [] []
[2016-07-29 06:21:57] grav.WARNING: Plugin 'pages-json' enabled but not found! Try clearing cache with `bin/grav clear-cache` [] []
[2016-07-29 06:40:54] grav.WARNING: Plugin 'pages-json' enabled but not found! Try clearing cache with `bin/grav clear-cache` [] []
[2016-07-29 06:40:57] grav.WARNING: Plugin 'pages-json' enabled but not found! Try clearing cache with `bin/grav clear-cache` [] []
[2016-07-29 07:16:55] grav.WARNING: Plugin 'pages-json' enabled but not found! Try clearing cache with `bin/grav clear-cache` [] []
[2016-07-29 07:16:58] grav.WARNING: Plugin 'pages-json' enabled but not found! Try clearing cache with `bin/grav clear-cache` [] []
[2016-07-29 07:17:33] grav.WARNING: Plugin 'pages-json' enabled but not found! Try clearing cache with `bin/grav clear-cache` [] []
[2016-07-29 07:17:35] grav.WARNING: Plugin 'pages-json' enabled but not found! Try clearing cache with `bin/grav clear-cache` [] []
[2016-07-29 07:18:52] grav.WARNING: Plugin 'pages-json' enabled but not found! Try clearing cache with `bin/grav clear-cache` [] []
[2016-07-29 07:18:54] grav.WARNING: Plugin 'pages-json' enabled but not found! Try clearing cache with `bin/grav clear-cache` [] []
[2016-07-29 07:19:42] grav.WARNING: Plugin 'pages-json' enabled but not found! Try clearing cache with `bin/grav clear-cache` [] []
[2016-07-29 07:19:43] grav.WARNING: Plugin 'pages-json' enabled but not found! Try clearing cache with `bin/grav clear-cache` [] []
[2016-07-29 07:20:26] grav.WARNING: Plugin 'pages-json' enabled but not found! Try clearing cache with `bin/grav clear-cache` [] []
[2016-07-29 07:20:28] grav.WARNING: Plugin 'pages-json' enabled but not found! Try clearing cache with `bin/grav clear-cache` [] []
[2016-07-29 07:54:31] grav.WARNING: Plugin 'pages-json' enabled but not found! Try clearing cache with `bin/grav clear-cache` [] []
[2016-07-29 07:54:33] grav.WARNING: Plugin 'pages-json' enabled but not found! Try clearing cache with `bin/grav clear-cache` [] []
